<?xml version="1.0" encoding="UTF-8"?>
<testsuite xmlns:xsi="http://www.w3.org/2001/XMLSchema-instance" xsi:noNamespaceSchemaLocation="https://maven.apache.org/surefire/maven-failsafe-plugin/xsd/failsafe-test-report.xsd" name="io.javabrains.sbs.topic.TopicRepositoryIT" time="0.208" tests="2" errors="0" skipped="0" failures="0">
  <properties>
[...]
</properties>
  <testcase name="test" classname="io.javabrains.sbs.topic.TopicRepositoryIT" time="0.151"/>
  <testcase name="testVersion_topicmasterdetail_save" classname="io.javabrains.sbs.topic.TopicRepositoryIT" time="0.03"/>
</testsuite>